[01-Dec-2019 09:32:16 UTC] PHP Notice:  Undefined index: username in /home/kntuctfi/public_html/api/register.php on line 17
[01-Dec-2019 09:32:16 UTC] PHP Warning:  mysqli::escape_string(): Couldn't fetch mysqli in /home/kntuctfi/public_html/api/register.php on line 17
[01-Dec-2019 09:32:16 UTC] PHP Notice:  Undefined index: password in /home/kntuctfi/public_html/api/register.php on line 18
[01-Dec-2019 09:32:16 UTC] PHP Warning:  mysqli::escape_string(): Couldn't fetch mysqli in /home/kntuctfi/public_html/api/register.php on line 18
[01-Dec-2019 09:32:50 UTC] PHP Notice:  Undefined index: username in /home/kntuctfi/public_html/api/register.php on line 17
[01-Dec-2019 09:32:50 UTC] PHP Warning:  mysqli::escape_string(): Couldn't fetch mysqli in /home/kntuctfi/public_html/api/register.php on line 17
[01-Dec-2019 09:32:50 UTC] PHP Notice:  Undefined index: password in /home/kntuctfi/public_html/api/register.php on line 18
[01-Dec-2019 09:32:50 UTC] PHP Warning:  mysqli::escape_string(): Couldn't fetch mysqli in /home/kntuctfi/public_html/api/register.php on line 18
[01-Dec-2019 09:33:20 UTC] PHP Notice:  Undefined index: username in /home/kntuctfi/public_html/api/register.php on line 17
[01-Dec-2019 09:33:20 UTC] PHP Warning:  mysqli::escape_string(): Couldn't fetch mysqli in /home/kntuctfi/public_html/api/register.php on line 17
[01-Dec-2019 09:33:20 UTC] PHP Notice:  Undefined index: password in /home/kntuctfi/public_html/api/register.php on line 18
[01-Dec-2019 09:33:20 UTC] PHP Warning:  mysqli::escape_string(): Couldn't fetch mysqli in /home/kntuctfi/public_html/api/register.php on line 18
[01-Dec-2019 09:34:30 UTC] PHP Warning:  mysqli::escape_string(): Couldn't fetch mysqli in /home/kntuctfi/public_html/api/register.php on line 17
[01-Dec-2019 09:34:30 UTC] PHP Warning:  mysqli::escape_string(): Couldn't fetch mysqli in /home/kntuctfi/public_html/api/register.php on line 18
[01-Dec-2019 09:34:46 UTC] PHP Warning:  mysqli::escape_string(): Couldn't fetch mysqli in /home/kntuctfi/public_html/api/register.php on line 17
[01-Dec-2019 09:34:46 UTC] PHP Warning:  mysqli::escape_string(): Couldn't fetch mysqli in /home/kntuctfi/public_html/api/register.php on line 18
[01-Dec-2019 09:36:13 UTC] PHP Warning:  mysqli::escape_string(): Couldn't fetch mysqli in /home/kntuctfi/public_html/api/register.php on line 17
[01-Dec-2019 09:36:13 UTC] PHP Warning:  mysqli::escape_string(): Couldn't fetch mysqli in /home/kntuctfi/public_html/api/register.php on line 18
[01-Dec-2019 09:37:45 UTC] PHP Warning:  mysqli::escape_string(): Couldn't fetch mysqli in /home/kntuctfi/public_html/api/register.php on line 17
[01-Dec-2019 09:37:45 UTC] PHP Warning:  mysqli::escape_string(): Couldn't fetch mysqli in /home/kntuctfi/public_html/api/register.php on line 18
[01-Dec-2019 09:37:48 UTC] PHP Warning:  mysqli::escape_string(): Couldn't fetch mysqli in /home/kntuctfi/public_html/api/register.php on line 17
[01-Dec-2019 09:37:48 UTC] PHP Warning:  mysqli::escape_string(): Couldn't fetch mysqli in /home/kntuctfi/public_html/api/register.php on line 18
[01-Dec-2019 09:38:30 UTC] PHP Warning:  mysqli::escape_string(): Couldn't fetch mysqli in /home/kntuctfi/public_html/api/register.php on line 17
[01-Dec-2019 09:38:30 UTC] PHP Warning:  mysqli::escape_string(): Couldn't fetch mysqli in /home/kntuctfi/public_html/api/register.php on line 18
[01-Dec-2019 09:38:53 UTC] PHP Warning:  mysqli::escape_string(): Couldn't fetch mysqli in /home/kntuctfi/public_html/api/register.php on line 17
[01-Dec-2019 09:38:53 UTC] PHP Warning:  mysqli::escape_string(): Couldn't fetch mysqli in /home/kntuctfi/public_html/api/register.php on line 18
[01-Dec-2019 09:39:48 UTC] PHP Warning:  mysqli::escape_string(): Couldn't fetch mysqli in /home/kntuctfi/public_html/api/register.php on line 17
[01-Dec-2019 09:39:48 UTC] PHP Warning:  mysqli::escape_string(): Couldn't fetch mysqli in /home/kntuctfi/public_html/api/register.php on line 18
[01-Dec-2019 09:40:30 UTC] PHP Warning:  mysqli::escape_string(): Couldn't fetch mysqli in /home/kntuctfi/public_html/api/register.php on line 17
[01-Dec-2019 09:40:30 UTC] PHP Warning:  mysqli::escape_string(): Couldn't fetch mysqli in /home/kntuctfi/public_html/api/register.php on line 18
[01-Dec-2019 09:41:03 UTC] PHP Warning:  mysqli::query(): Couldn't fetch mysqli in /home/kntuctfi/public_html/api/register.php on line 25
[01-Dec-2019 09:41:03 UTC] PHP Warning:  mysqli::query(): Couldn't fetch mysqli in /home/kntuctfi/public_html/api/register.php on line 44
[01-Dec-2019 09:43:56 UTC] PHP Warning:  mysqli::escape_string(): Couldn't fetch mysqli in /home/kntuctfi/public_html/api/register.php on line 17
[01-Dec-2019 09:43:56 UTC] PHP Warning:  mysqli::escape_string(): Couldn't fetch mysqli in /home/kntuctfi/public_html/api/register.php on line 18
[01-Dec-2019 09:46:25 UTC] PHP Warning:  mysqli::escape_string(): Couldn't fetch mysqli in /home/kntuctfi/public_html/api/register.php on line 17
[01-Dec-2019 09:46:25 UTC] PHP Warning:  mysqli::escape_string(): Couldn't fetch mysqli in /home/kntuctfi/public_html/api/register.php on line 18
[01-Dec-2019 11:27:51 UTC] PHP Warning:  mysqli::escape_string(): Couldn't fetch mysqli in /home/kntuctfi/public_html/api/register.php on line 17
[01-Dec-2019 11:27:51 UTC] PHP Warning:  mysqli::escape_string(): Couldn't fetch mysqli in /home/kntuctfi/public_html/api/register.php on line 18
[01-Dec-2019 11:40:04 UTC] PHP Warning:  mysqli::escape_string(): Couldn't fetch mysqli in /home/kntuctfi/public_html/api/register.php on line 17
[01-Dec-2019 11:40:04 UTC] PHP Warning:  mysqli::escape_string(): Couldn't fetch mysqli in /home/kntuctfi/public_html/api/register.php on line 18
[01-Dec-2019 11:40:06 UTC] PHP Warning:  mysqli::escape_string(): Couldn't fetch mysqli in /home/kntuctfi/public_html/api/register.php on line 17
[01-Dec-2019 11:40:06 UTC] PHP Warning:  mysqli::escape_string(): Couldn't fetch mysqli in /home/kntuctfi/public_html/api/register.php on line 18
[01-Dec-2019 16:29:00 UTC] PHP Warning:  mysqli::escape_string(): Couldn't fetch mysqli in /Users/parsasam/Documents/github/server/sign_in.php on line 19
[01-Dec-2019 16:29:00 UTC] PHP Warning:  mysqli::escape_string(): Couldn't fetch mysqli in /Users/parsasam/Documents/github/server/sign_in.php on line 20
[01-Dec-2019 16:29:00 UTC] PHP Warning:  mysqli::query(): Couldn't fetch mysqli in /Users/parsasam/Documents/github/server/sign_in.php on line 24
[01-Dec-2019 16:29:00 UTC] PHP Notice:  Trying to get property 'num_rows' of non-object in /Users/parsasam/Documents/github/server/sign_in.php on line 25
[01-Dec-2019 16:29:00 UTC] PHP Warning:  mysqli::query(): Couldn't fetch mysqli in /Users/parsasam/Documents/github/server/functions/F_benchmark.php on line 7
[01-Dec-2019 16:29:34 UTC] PHP Notice:  Trying to access array offset on value of type null in /Users/parsasam/Documents/github/server/sign_in.php on line 19
[01-Dec-2019 16:29:34 UTC] PHP Warning:  mysqli::escape_string(): Couldn't fetch mysqli in /Users/parsasam/Documents/github/server/sign_in.php on line 19
[01-Dec-2019 16:29:34 UTC] PHP Notice:  Trying to access array offset on value of type null in /Users/parsasam/Documents/github/server/sign_in.php on line 20
[01-Dec-2019 16:29:34 UTC] PHP Warning:  mysqli::escape_string(): Couldn't fetch mysqli in /Users/parsasam/Documents/github/server/sign_in.php on line 20
[01-Dec-2019 16:29:34 UTC] PHP Warning:  mysqli::query(): Couldn't fetch mysqli in /Users/parsasam/Documents/github/server/sign_in.php on line 24
[01-Dec-2019 16:29:34 UTC] PHP Notice:  Trying to get property 'num_rows' of non-object in /Users/parsasam/Documents/github/server/sign_in.php on line 25
[01-Dec-2019 16:29:34 UTC] PHP Warning:  mysqli::query(): Couldn't fetch mysqli in /Users/parsasam/Documents/github/server/functions/F_benchmark.php on line 7
[01-Dec-2019 16:30:17 UTC] PHP Warning:  mysqli::escape_string(): Couldn't fetch mysqli in /Users/parsasam/Documents/github/server/sign_in.php on line 19
[01-Dec-2019 16:30:17 UTC] PHP Warning:  mysqli::escape_string(): Couldn't fetch mysqli in /Users/parsasam/Documents/github/server/sign_in.php on line 20
[01-Dec-2019 16:30:17 UTC] PHP Warning:  mysqli::query(): Couldn't fetch mysqli in /Users/parsasam/Documents/github/server/sign_in.php on line 24
[01-Dec-2019 16:30:17 UTC] PHP Notice:  Trying to get property 'num_rows' of non-object in /Users/parsasam/Documents/github/server/sign_in.php on line 25
[01-Dec-2019 16:30:17 UTC] PHP Warning:  mysqli::query(): Couldn't fetch mysqli in /Users/parsasam/Documents/github/server/functions/F_benchmark.php on line 7
